<?xml version="1.0" encoding="UTF-8"?>
<!-- Generated by org.testng.reporters.JUnitReportReporter -->
<testsuite skipped="0" hostname="CDC2-D-512QSTZ" name="Tests.LoginTestDemoUsingPagefactory" tests="1" failures="0" timestamp="12 Mar 2019 07:08:43 GMT" time="123.642" errors="0">
  <testcase name="f" time="123.642" classname="Tests.LoginTestDemoUsingPagefactory"/>
</testsuite> <!-- Tests.LoginTestDemoUsingPagefactory -->
