<?xml version="1.0" encoding="UTF-8"?>
<!-- Generated by org.testng.reporters.JUnitReportReporter -->
<testsuite name="Tests.LoginTestDemo" tests="1" time="109.349" ignored="0" failures="0" timestamp="12 Mar 2019 10:23:59 GMT" skipped="0" hostname="CDC2-D-512QSTZ" errors="0">
  <testcase name="f" time="109.349" classname="Tests.LoginTestDemo"/>
</testsuite> <!-- Tests.LoginTestDemo -->
